Arguments: 
  /home/viniazvd/.nvm/versions/node/v14.18.1/bin/node /home/viniazvd/.yarn/bin/yarn.js add rollup-plugin-css-only -D

PATH: 
  /home/viniazvd/.nvm/versions/node/v14.18.1/bin:/home/viniazvd/.yarn/bin:/home/viniazvd/.config/yarn/global/node_modules/.bin:/usr/local/sbin:/usr/local/bin:/usr/sbin:/usr/bin:/sbin:/bin:/usr/games:/usr/local/games:/mnt/c/Program Files/WindowsApps/CanonicalGroupLimited.Ubuntu20.04onWindows_2004.2021.825.0_x64__79rhkp1fndgsc:/mnt/c/WINDOWS/system32:/mnt/c/WINDOWS:/mnt/c/WINDOWS/System32/Wbem:/mnt/c/WINDOWS/System32/WindowsPowerShell/v1.0/:/mnt/c/WINDOWS/System32/OpenSSH/:/mnt/c/Program Files/NVIDIA Corporation/NVIDIA NvDLISR:/mnt/c/Program Files (x86)/NVIDIA Corporation/PhysX/Common:/mnt/c/Users/vinid/AppData/Local/Microsoft/WindowsApps:/mnt/d/Microsoft VS Code/bin:/snap/bin

Yarn version: 
  1.22.15

Node version: 
  14.18.1

Platform: 
  linux x64

Trace: 
  SyntaxError: /home/viniazvd/sdz-icons/package.json: Unexpected end of JSON input
      at JSON.parse (<anonymous>)
      at /home/viniazvd/.yarn/lib/cli.js:1625:59
      at Generator.next (<anonymous>)
      at step (/home/viniazvd/.yarn/lib/cli.js:310:30)
      at /home/viniazvd/.yarn/lib/cli.js:321:13

npm manifest: 
  

yarn manifest: 
  No manifest

Lockfile: 
  No lockfile
